[
    {
        "id": "0d1ed5e4-e48c-45fc-92ee-d1bbd96e92a8",
        "timestamp": "2026-02-28T23:38:52.255756",
        "agent": "Auditor_Agent",
        "model": "gemini-2.5-flash",
        "action": "CODE_ANALYSIS",
        "iteration": 0,
        "details": {
            "file_analyzed": "bad_syntax.py",
            "input_prompt": "You are a Python Code Auditor. Your goal is to analyze code and provide a refactoring plan.\n        You will be given the code and the output of a static analysis tool (pylint).\n        \n        Your output must be a clear, step-by-step plan for a developer to fix the issues.\n        Focus on:\n        1. Fixing errors and bugs reported by pylint.\n        2. Improving code style and following PEP 8.\n        3. Adding missing docstrings and type hints.\n        4. Removing unused code.\n        5. Handling edge cases (e.g., division by zero should raise an appropriate error).\n        \n        Return ONLY the plan as a numbered list.\n        \n\n        CODE TO ANALYZE (bad_syntax.py):\n        ```python\n        def calculate_sum(a, b)  # Manque le deux-points\n    return a + b\n        ```\n        \n        PYLINT OUPUT:\n        Total issues: 1. Showing top 1:\nLine 1:26 [error] Parsing failed: 'expected ':' (<unknown>, line 1)' (syntax-error)\n\n        ",
            "output_response": "1.  **Fix the syntax error:** Add a colon (`:`) at the end of the function definition line.\n    *   `def calculate_sum(a, b)` should become `def calculate_sum(a, b):`\n2.  **Correct indentation:** Ensure the `return` statement is properly indented by 4 spaces relative to the `def` keyword.\n3.  **Add type hints:** Specify the expected types for the parameters `a` and `b`, and for the return value. Assuming they are integers, use `int`.\n    *   `def calculate_sum(a: int, b: int) -> int:`\n4.  **Add a docstring:** Provide a clear, concise docstring explaining the function's purpose, its arguments, and what it returns.\n    *   ```python\n        \"\"\"Calculates the sum of two numbers.\n\n        Args:\n            a: The first number.\n            b: The second number.\n\n        Returns:\n            The sum of a and b.\n        \"\"\"\n        ```",
            "pylint_score": 0.0
        },
        "status": "SUCCESS"
    },
    {
        "id": "ce0557c1-84fb-4cf7-99d6-20cae1c241a7",
        "timestamp": "2026-02-28T23:39:19.907811",
        "agent": "Auditor_Agent",
        "model": "gemini-2.5-flash",
        "action": "CODE_ANALYSIS",
        "iteration": 0,
        "details": {
            "file_analyzed": "logic_bug.py",
            "input_prompt": "You are a Python Code Auditor. Your goal is to analyze code and provide a refactoring plan.\n        You will be given the code and the output of a static analysis tool (pylint).\n        \n        Your output must be a clear, step-by-step plan for a developer to fix the issues.\n        Focus on:\n        1. Fixing errors and bugs reported by pylint.\n        2. Improving code style and following PEP 8.\n        3. Adding missing docstrings and type hints.\n        4. Removing unused code.\n        5. Handling edge cases (e.g., division by zero should raise an appropriate error).\n        \n        Return ONLY the plan as a numbered list.\n        \n\n        CODE TO ANALYZE (logic_bug.py):\n        ```python\n        def count_down(n):\n    while n > 0:\n        print(n)\n        n += 1 # Bug : n augmente au lieu de diminuer\n        ```\n        \n        PYLINT OUPUT:\n        Total issues: 3. Showing top 3:\nLine 4:0 [convention] Final newline missing (missing-final-newline)\nLine 1:0 [convention] Missing module docstring (missing-module-docstring)\nLine 1:0 [convention] Missing function or method docstring (missing-function-docstring)\n\n        ",
            "output_response": "Here is a refactoring plan for the `logic_bug.py` file:\n\n1.  **Fix the logical bug:** Change `n += 1` to `n -= 1` inside the `count_down` function to correctly decrement the counter.\n2.  **Add a module docstring:** Add a concise docstring at the top of the file explaining its purpose.\n3.  **Add a function docstring:** Add a docstring to the `count_down` function, describing what it does, its parameters, and any return values.\n4.  **Add type hints:** Annotate the `n` parameter in the `count_down` function with its expected type (e.g., `int`).\n5.  **Add a final newline:** Ensure the file ends with a blank line.\n6.  **Consider input validation (optional but recommended):** For robustness, you might want to add a check at the beginning of `count_down` to ensure `n` is a positive integer, raising a `ValueError` if it's not.",
            "pylint_score": 2.5
        },
        "status": "SUCCESS"
    },
    {
        "id": "6f8b51fb-ba74-453c-8d3f-2235910fc819",
        "timestamp": "2026-02-28T23:39:42.608259",
        "agent": "Fixer_Agent",
        "model": "gemini-2.5-flash",
        "action": "CODE_GEN",
        "iteration": 1,
        "details": {
            "file_generated": "test_logic_bug.py",
            "input_prompt": "Generate tests for logic_bug.py",
            "output_response": "import pytest\nfrom logic_bug import count_down\n\ndef test_count_down_positive_integer(capsys):\n    \"\"\"\n    Tests the count_down function with a standard positive integer.\n    Verifies the printed output.\n    \"\"\"\n    count_down(3)\n    captured = capsys.readouterr()\n    expected_output = \"3\\n2\\n1\\n\"\n    assert captured.out == expected_output\n    assert captured.err == \"\"\n\ndef test_count_down_one(capsys):\n    \"\"\"\n    Tests the count_down function with n=1, an edge case for positive integers.\n    Verifies the printed output.\n    \"\"\"\n    count_down(1)\n    captured = capsys.readouterr()\n    expected_output = \"1\\n\"\n    assert captured.out == expected_output\n    assert captured.err == \"\"\n\ndef test_count_down_larger_positive_integer(capsys):\n    \"\"\"\n    Tests the count_down function with a slightly larger positive integer.\n    Verifies the printed output.\n    \"\"\"\n    count_down(5)\n    captured = capsys.readouterr()\n    expected_output = \"5\\n4\\n3\\n2\\n1\\n\"\n    assert captured.out == expected_output\n    assert captured.err == \"\"\n\ndef test_count_down_zero_raises_value_error():\n    \"\"\"\n    Tests that count_down raises ValueError when n is 0 (edge case).\n    \"\"\"\n    with pytest.raises(ValueError) as excinfo:\n        count_down(0)\n    assert \"Input 'n' must be a positive integer.\" in str(excinfo.value)\n\ndef test_count_down_negative_integer_raises_value_error():\n    \"\"\"\n    Tests that count_down raises ValueError when n is a negative integer (edge case).\n    \"\"\"\n    with pytest.raises(ValueError) as excinfo:\n        count_down(-5)\n    assert \"Input 'n' must be a positive integer.\" in str(excinfo.value)\n\ndef test_count_down_float_raises_value_error():\n    \"\"\"\n    Tests that count_down raises ValueError when n is a float (invalid type).\n    \"\"\"\n    with pytest.raises(ValueError) as excinfo:\n        count_down(3.14)\n    assert \"Input 'n' must be a positive integer.\" in str(excinfo.value)\n\ndef test_count_down_string_raises_value_error():\n    \"\"\"\n    Tests that count_down raises ValueError when n is a string (invalid type).\n    \"\"\"\n    with pytest.raises(ValueError) as excinfo:\n        count_down(\"hello\")\n    assert \"Input 'n' must be a positive integer.\" in str(excinfo.value)\n\ndef test_count_down_none_raises_value_error():\n    \"\"\"\n    Tests that count_down raises ValueError when n is None (invalid type).\n    \"\"\"\n    with pytest.raises(ValueError) as excinfo:\n        count_down(None)\n    assert \"Input 'n' must be a positive integer.\" in str(excinfo.value)\n\ndef test_count_down_boolean_true_raises_value_error():\n    \"\"\"\n    Tests that count_down raises ValueError when n is True (which is an int 1, but should be caught by type check).\n    Note: In Python, bool is a subclass of int. `isinstance(True, int)` is True.\n    However, the function explicitly checks `n <= 0`. So `True` (which is 1) should work.\n    Let's re-evaluate this. The current code `if not isinstance(n, int) or n <= 0:`\n    `isinstance(True, int)` is `True`. So `not isinstance(n, int)` is `False`.\n    Then `False or n <= 0` becomes `False or 1 <= 0` which is `False or False` which is `False`.\n    So `True` should actually pass the validation and print \"1\\n\".\n    This is an interesting edge case due to Python's bool-int relationship.\n    \"\"\"\n    with pytest.raises(ValueError) as excinfo: # This test will fail if the function allows True\n        count_down(True)\n    # The current implementation will actually allow `True` because `isinstance(True, int)` is true and `True` (1) is not `<= 0`.\n    # So, the expected behavior for `count_down(True)` is to print \"1\\n\".\n    # Let's change this test to reflect the actual behavior.\n\ndef test_count_down_boolean_true_behaves_as_one(capsys):\n    \"\"\"\n    Tests that count_down treats True as 1, due to Python's bool-int relationship.\n    \"\"\"\n    count_down(True)\n    captured = capsys.readouterr()\n    expected_output = \"1\\n\"\n    assert captured.out == expected_output\n    assert captured.err == \"\"\n\ndef test_count_down_boolean_false_raises_value_error():\n    \"\"\"\n    Tests that count_down raises ValueError when n is False (which is int 0).\n    \"\"\"\n    with pytest.raises(ValueError) as excinfo:\n        count_down(False) # False is 0, so it should raise ValueError\n    assert \"Input 'n' must be a positive integer.\" in str(excinfo.value)",
            "source_file": "logic_bug.py"
        },
        "status": "SUCCESS"
    },
    {
        "id": "c9ba86df-00a8-4b86-8e38-468cd6d1527b",
        "timestamp": "2026-02-28T23:39:42.610287",
        "agent": "Fixer_Agent",
        "model": "gemini-2.5-flash",
        "action": "FIX",
        "iteration": 1,
        "details": {
            "file_fixed": "logic_bug.py",
            "input_prompt": "You are a Python Expert Developer (The Fixer).\n        Your task is to rewrite the provided Python code to address a refactoring plan and fix bugs.\n        \n        Rules:\n        1. Return ONLY the complete, valid Python code.\n        2. Do NOT include markdown backticks (e.g. ```python) at the start or end.\n        3. Ensure the code is complete and runnable.\n        4. Strictly follow the plan provided.\n        5. For test files: include ALL necessary imports at the top (e.g., `import math`, `import pytest`).\n        6. Do NOT use the `mocker` fixture; use `unittest.mock.patch` or `unittest.mock.MagicMock` instead.\n        7. Only use standard pytest features - no external plugins like pytest-mock.\n        \n\n        ORIGINAL CODE:\n        ```python\n        def count_down(n):\n    while n > 0:\n        print(n)\n        n += 1 # Bug : n augmente au lieu de diminuer\n        ```\n        \n        REFACTORING PLAN:\n        Here is a refactoring plan for the `logic_bug.py` file:\n\n1.  **Fix the logical bug:** Change `n += 1` to `n -= 1` inside the `count_down` function to correctly decrement the counter.\n2.  **Add a module docstring:** Add a concise docstring at the top of the file explaining its purpose.\n3.  **Add a function docstring:** Add a docstring to the `count_down` function, describing what it does, its parameters, and any return values.\n4.  **Add type hints:** Annotate the `n` parameter in the `count_down` function with its expected type (e.g., `int`).\n5.  **Add a final newline:** Ensure the file ends with a blank line.\n6.  **Consider input validation (optional but recommended):** For robustness, you might want to add a check at the beginning of `count_down` to ensure `n` is a positive integer, raising a `ValueError` if it's not.\n        ",
            "output_response": "\"\"\"This module provides a simple countdown function.\"\"\"\n\n\ndef count_down(n: int) -> None:\n    \"\"\"\n    Counts down from a given positive integer to 1, printing each number.\n\n    Args:\n        n: The starting positive integer for the countdown.\n\n    Raises:\n        ValueError: If n is not a positive integer.\n    \"\"\"\n    if not isinstance(n, int) or n <= 0:\n        raise ValueError(\"Input 'n' must be a positive integer.\")\n\n    while n > 0:\n        print(n)\n        n -= 1",
            "plan_followed": "Here is a refactoring plan for the `logic_bug.py` file:\n\n1.  **Fix the logical bug:** Change `n += 1` to `n -= 1` inside the `count_down` function to correctly decrement the counter.\n2.  **Add a module docstring:** Add a concise docstring at the top of the file explaining its purpose.\n3.  **Add a function docstring:** Add a docstring to the `count_down` function, describing what it does, its parameters, and any return values.\n4.  **Add type hints:** Annotate the `n` parameter in the `count_down` function with its expected type (e.g., `int`).\n5.  **Add a final newline:** Ensure the file ends with a blank line.\n6.  **Consider input validation (optional but recommended):** For robustness, you might want to add a check at the beginning of `count_down` to ensure `n` is a positive integer, raising a `ValueError` if it's not."
        },
        "status": "SUCCESS"
    },
    {
        "id": "b1166a9e-cf4f-4aa3-a3cb-fcd66fdd2618",
        "timestamp": "2026-02-28T23:39:43.479536",
        "agent": "Judge_Agent",
        "model": "pytest-7.4.4",
        "action": "DEBUG",
        "iteration": 1,
        "details": {
            "directory_tested": "./sandbox/hidden_dataset",
            "input_prompt": "Run pytest on ./sandbox/hidden_dataset",
            "output_response": "============================= test session starts =============================\nplatform win32 -- Python 3.11.9, pytest-7.4.4, pluggy-1.6.0 -- C:\\Users\\Mouhamed Reda Hamzi\\OneDrive\\Documents\\projects\\tps\\tp_igl\\Refactoring-Swarm-Equipe-01\\refactoring-swarm-template\\venv\\Scripts\\python.exe\ncachedir: .pytest_cache\nrootdir: C:\\Users\\Mouhamed Reda Hamzi\\OneDrive\\Documents\\projects\\tps\\tp_igl\\Refactoring-Swarm-Equipe-01\\refactoring-swarm-template\nplugins: anyio-4.12.1\ncollecting ... collected 11 items\n\nsandbox/hidden_dataset/test_logic_bug.py::test_count_down_positive_integer PASSED [  9%]\nsandbox/hidden_dataset/test_logic_bug.py::test_count_down_one PASSED     [ 18%]\nsandbox/hidden_dataset/test_logic_bug.py::test_count_down_larger_positive_integer PASSED [ 27%]\nsandbox/hidden_dataset/test_logic_bug.py::test_count_down_zero_raises_value_error PASSED [ 36%]\nsandbox/hidden_dataset/test_logic_bug.py::test_count_down_negative_integer_raises_value_error PASSED [ 45%]\nsandbox/hidden_dataset/test_logic_bug.py::test_count_down_float_raises_value_error PASSED [ 54%]\nsandbox/hidden_dataset/test_logic_bug.py::test_count_down_string_raises_value_error PASSED [ 63%]\nsandbox/hidden_dataset/test_logic_bug.py::test_count_down_none_raises_value_error PASSED [ 72%]\nsandbox/hidden_dataset/test_logic_bug.py::test_count_down_boolean_true_raises_value_error FAILED [ 81%]\nsandbox/hidden_dataset/test_logic_bug.py::test_count_down_boolean_true_behaves_as_one FAILED [ 90%]\nsandbox/hidden_dataset/test_logic_bug.py::test_count_down_boolean_false_raises_value_error PASSED [100%]\n\n================================== FAILURES ===================================\n_______________ test_count_down_boolean_true_raises_value_error _______________\nsandbox\\hidden_dataset\\test_logic_bug.py:88: in test_count_down_boolean_true_raises_value_error\n    with pytest.raises(ValueError) as excinfo: # This test will fail if the function allows True\nE   Failed: DID NOT RAISE <class 'ValueError'>\n---------------------------- Captured stdout call -----------------------------\nTrue\n_________________ test_count_down_boolean_true_behaves_as_one _________________\nsandbox\\hidden_dataset\\test_logic_bug.py:101: in test_count_down_boolean_true_behaves_as_one\n    assert captured.out == expected_output\nE   AssertionError: assert 'True\\n' == '1\\n'\nE     - 1\nE     + True\n=========================== short test summary info ===========================\nFAILED sandbox/hidden_dataset/test_logic_bug.py::test_count_down_boolean_true_raises_value_error\nFAILED sandbox/hidden_dataset/test_logic_bug.py::test_count_down_boolean_true_behaves_as_one\n========================= 2 failed, 9 passed in 0.13s =========================\n\n",
            "success": false,
            "error_type": "CODE_ERROR"
        },
        "status": "FAILURE"
    },
    {
        "id": "782df7cd-7b1a-49a5-ae23-741ff608a4e9",
        "timestamp": "2026-02-28T23:39:56.560632",
        "agent": "Fixer_Agent",
        "model": "gemini-2.5-flash",
        "action": "FIX",
        "iteration": 2,
        "details": {
            "file_fixed": "logic_bug.py",
            "input_prompt": "You are a Python Expert Developer (The Fixer).\n        Your task is to rewrite the provided Python code to address a refactoring plan and fix bugs.\n        \n        Rules:\n        1. Return ONLY the complete, valid Python code.\n        2. Do NOT include markdown backticks (e.g. ```python) at the start or end.\n        3. Ensure the code is complete and runnable.\n        4. Strictly follow the plan provided.\n        5. For test files: include ALL necessary imports at the top (e.g., `import math`, `import pytest`).\n        6. Do NOT use the `mocker` fixture; use `unittest.mock.patch` or `unittest.mock.MagicMock` instead.\n        7. Only use standard pytest features - no external plugins like pytest-mock.\n        \n\n        ORIGINAL CODE:\n        ```python\n        \"\"\"This module provides a simple countdown function.\"\"\"\n\n\ndef count_down(n: int) -> None:\n    \"\"\"\n    Counts down from a given positive integer to 1, printing each number.\n\n    Args:\n        n: The starting positive integer for the countdown.\n\n    Raises:\n        ValueError: If n is not a positive integer.\n    \"\"\"\n    if not isinstance(n, int) or n <= 0:\n        raise ValueError(\"Input 'n' must be a positive integer.\")\n\n    while n > 0:\n        print(n)\n        n -= 1\n        ```\n        \n        REFACTORING PLAN:\n        Here is a refactoring plan for the `logic_bug.py` file:\n\n1.  **Fix the logical bug:** Change `n += 1` to `n -= 1` inside the `count_down` function to correctly decrement the counter.\n2.  **Add a module docstring:** Add a concise docstring at the top of the file explaining its purpose.\n3.  **Add a function docstring:** Add a docstring to the `count_down` function, describing what it does, its parameters, and any return values.\n4.  **Add type hints:** Annotate the `n` parameter in the `count_down` function with its expected type (e.g., `int`).\n5.  **Add a final newline:** Ensure the file ends with a blank line.\n6.  **Consider input validation (optional but recommended):** For robustness, you might want to add a check at the beginning of `count_down` to ensure `n` is a positive integer, raising a `ValueError` if it's not.\n        \n\nPREVIOUS ERROR CONTEXT (Fix these issues specifically):\n============================= test session starts =============================\nplatform win32 -- Python 3.11.9, pytest-7.4.4, pluggy-1.6.0 -- C:\\Users\\Mouhamed Reda Hamzi\\OneDrive\\Documents\\projects\\tps\\tp_igl\\Refactoring-Swarm-Equipe-01\\refactoring-swarm-template\\venv\\Scripts\\python.exe\ncachedir: .pytest_cache\nrootdir: C:\\Users\\Mouhamed Reda Hamzi\\OneDrive\\Documents\\projects\\tps\\tp_igl\\Refactoring-Swarm-Equipe-01\\refactoring-swarm-template\nplugins: anyio-4.12.1\ncollecting ... collected 11 items\n\nsandbox/hidden_dataset/test_logic_bug.py::test_count_down_positive_integer PASSED [  9%]\nsandbox/hidden_dataset/test_logic_bug.py::test_count_down_one PASSED     [ 18%]\nsandbox/hidden_dataset/test_logic_bug.py::test_count_down_larger_positive_integer PASSED [ 27%]\nsandbox/hidden_dataset/test_logic_bug.py::test_count_down_zero_raises_value_error PASSED [ 36%]\nsandbox/hidden_dataset/test_logic_bug.py::test_count_down_negative_integer_raises_value_error PASSED [ 45%]\nsandbox/hidden_dataset/test_logic_bug.py::test_count_down_float_raises_value_error PASSED [ 54%]\nsandbox/hidden_dataset/test_logic_bug.py::test_count_down_string_raises_value_error PASSED [ 63%]\nsandbox/hidden_dataset/test_logic_bug.py::test_count_down_none_raises_value_error PASSED [ 72%]\nsandbox/hidden_dataset/test_logic_bug.py::test_count_down_boolean_true_raises_value_error FAILED [ 81%]\nsandbox/hidden_dataset/test_logic_bug.py::test_count_down_boolean_true_behaves_as_one FAILED [ 90%]\nsandbox/hidden_dataset/test_logic_bug.py::test_count_down_boolean_false_raises_value_error PASSED [100%]\n\n================================== FAILURES ===================================\n_______________ test_count_down_boolean_true_raises_value_error _______________\nsandbox\\hidden_dataset\\test_logic_bug.py:88: in test_count_down_boolean_true_raises_value_error\n    with pytest.raises(ValueError) as excinfo: # This test will fail if the function allows True\nE   Failed: DID NOT RAISE <class 'ValueError'>\n---------------------------- Captured stdout call -----------------------------\nTrue\n_________________ test_count_down_boolean_true_behaves_as_one _________________\nsandbox\\hidden_dataset\\test_logic_bug.py:101: in test_count_down_boolean_true_behaves_as_one\n    assert captured.out == expected_output\nE   AssertionError: assert 'True\\n' == '1\\n'\nE     - 1\nE     + True\n=========================== short test summary info ===========================\nFAILED sandbox/hidden_dataset/test_logic_bug.py::test_count_down_boolean_true_raises_value_error\nFAILED sandbox/hidden_dataset/test_logic_bug.py::test_count_down_boolean_true_behaves_as_one\n========================= 2 failed, 9 passed in 0.13s =========================\n\n",
            "output_response": "\"\"\"This module provides a simple countdown function.\"\"\"\n\n\ndef count_down(n: int) -> None:\n    \"\"\"\n    Counts down from a given positive integer to 1, printing each number.\n\n    Args:\n        n: The starting positive integer for the countdown.\n\n    Raises:\n        ValueError: If n is not a positive integer (e.g., zero, negative, float, string, or boolean).\n    \"\"\"\n    # Fix the logical bug related to input validation:\n    # Booleans (True/False) are subclasses of int in Python.\n    # This check ensures that booleans are explicitly rejected,\n    # as they are not intended to be valid inputs for the countdown.\n    if not isinstance(n, int) or isinstance(n, bool) or n <= 0:\n        raise ValueError(\"Input 'n' must be a positive integer.\")\n\n    while n > 0:\n        print(n)\n        n -= 1",
            "plan_followed": "Here is a refactoring plan for the `logic_bug.py` file:\n\n1.  **Fix the logical bug:** Change `n += 1` to `n -= 1` inside the `count_down` function to correctly decrement the counter.\n2.  **Add a module docstring:** Add a concise docstring at the top of the file explaining its purpose.\n3.  **Add a function docstring:** Add a docstring to the `count_down` function, describing what it does, its parameters, and any return values.\n4.  **Add type hints:** Annotate the `n` parameter in the `count_down` function with its expected type (e.g., `int`).\n5.  **Add a final newline:** Ensure the file ends with a blank line.\n6.  **Consider input validation (optional but recommended):** For robustness, you might want to add a check at the beginning of `count_down` to ensure `n` is a positive integer, raising a `ValueError` if it's not."
        },
        "status": "SUCCESS"
    },
    {
        "id": "ce52887e-a12f-4775-a481-72f2288bbd69",
        "timestamp": "2026-02-28T23:39:57.300182",
        "agent": "Judge_Agent",
        "model": "pytest-7.4.4",
        "action": "DEBUG",
        "iteration": 2,
        "details": {
            "directory_tested": "./sandbox/hidden_dataset",
            "input_prompt": "Run pytest on ./sandbox/hidden_dataset",
            "output_response": "============================= test session starts =============================\nplatform win32 -- Python 3.11.9, pytest-7.4.4, pluggy-1.6.0 -- C:\\Users\\Mouhamed Reda Hamzi\\OneDrive\\Documents\\projects\\tps\\tp_igl\\Refactoring-Swarm-Equipe-01\\refactoring-swarm-template\\venv\\Scripts\\python.exe\ncachedir: .pytest_cache\nrootdir: C:\\Users\\Mouhamed Reda Hamzi\\OneDrive\\Documents\\projects\\tps\\tp_igl\\Refactoring-Swarm-Equipe-01\\refactoring-swarm-template\nplugins: anyio-4.12.1\ncollecting ... collected 11 items\n\nsandbox/hidden_dataset/test_logic_bug.py::test_count_down_positive_integer PASSED [  9%]\nsandbox/hidden_dataset/test_logic_bug.py::test_count_down_one PASSED     [ 18%]\nsandbox/hidden_dataset/test_logic_bug.py::test_count_down_larger_positive_integer PASSED [ 27%]\nsandbox/hidden_dataset/test_logic_bug.py::test_count_down_zero_raises_value_error PASSED [ 36%]\nsandbox/hidden_dataset/test_logic_bug.py::test_count_down_negative_integer_raises_value_error PASSED [ 45%]\nsandbox/hidden_dataset/test_logic_bug.py::test_count_down_float_raises_value_error PASSED [ 54%]\nsandbox/hidden_dataset/test_logic_bug.py::test_count_down_string_raises_value_error PASSED [ 63%]\nsandbox/hidden_dataset/test_logic_bug.py::test_count_down_none_raises_value_error PASSED [ 72%]\nsandbox/hidden_dataset/test_logic_bug.py::test_count_down_boolean_true_raises_value_error PASSED [ 81%]\nsandbox/hidden_dataset/test_logic_bug.py::test_count_down_boolean_true_behaves_as_one FAILED [ 90%]\nsandbox/hidden_dataset/test_logic_bug.py::test_count_down_boolean_false_raises_value_error PASSED [100%]\n\n================================== FAILURES ===================================\n_________________ test_count_down_boolean_true_behaves_as_one _________________\nsandbox\\hidden_dataset\\test_logic_bug.py:98: in test_count_down_boolean_true_behaves_as_one\n    count_down(True)\nsandbox\\hidden_dataset\\logic_bug.py:19: in count_down\n    raise ValueError(\"Input 'n' must be a positive integer.\")\nE   ValueError: Input 'n' must be a positive integer.\n=========================== short test summary info ===========================\nFAILED sandbox/hidden_dataset/test_logic_bug.py::test_count_down_boolean_true_behaves_as_one\n======================== 1 failed, 10 passed in 0.14s =========================\n\n",
            "success": false,
            "error_type": "CODE_ERROR"
        },
        "status": "FAILURE"
    },
    {
        "id": "a9f45612-e997-49ae-adb2-d56e0e658508",
        "timestamp": "2026-02-28T23:40:11.792506",
        "agent": "Fixer_Agent",
        "model": "gemini-2.5-flash",
        "action": "FIX",
        "iteration": 3,
        "details": {
            "file_fixed": "logic_bug.py",
            "input_prompt": "You are a Python Expert Developer (The Fixer).\n        Your task is to rewrite the provided Python code to address a refactoring plan and fix bugs.\n        \n        Rules:\n        1. Return ONLY the complete, valid Python code.\n        2. Do NOT include markdown backticks (e.g. ```python) at the start or end.\n        3. Ensure the code is complete and runnable.\n        4. Strictly follow the plan provided.\n        5. For test files: include ALL necessary imports at the top (e.g., `import math`, `import pytest`).\n        6. Do NOT use the `mocker` fixture; use `unittest.mock.patch` or `unittest.mock.MagicMock` instead.\n        7. Only use standard pytest features - no external plugins like pytest-mock.\n        \n\n        ORIGINAL CODE:\n        ```python\n        \"\"\"This module provides a simple countdown function.\"\"\"\n\n\ndef count_down(n: int) -> None:\n    \"\"\"\n    Counts down from a given positive integer to 1, printing each number.\n\n    Args:\n        n: The starting positive integer for the countdown.\n\n    Raises:\n        ValueError: If n is not a positive integer (e.g., zero, negative, float, string, or boolean).\n    \"\"\"\n    # Fix the logical bug related to input validation:\n    # Booleans (True/False) are subclasses of int in Python.\n    # This check ensures that booleans are explicitly rejected,\n    # as they are not intended to be valid inputs for the countdown.\n    if not isinstance(n, int) or isinstance(n, bool) or n <= 0:\n        raise ValueError(\"Input 'n' must be a positive integer.\")\n\n    while n > 0:\n        print(n)\n        n -= 1\n        ```\n        \n        REFACTORING PLAN:\n        Here is a refactoring plan for the `logic_bug.py` file:\n\n1.  **Fix the logical bug:** Change `n += 1` to `n -= 1` inside the `count_down` function to correctly decrement the counter.\n2.  **Add a module docstring:** Add a concise docstring at the top of the file explaining its purpose.\n3.  **Add a function docstring:** Add a docstring to the `count_down` function, describing what it does, its parameters, and any return values.\n4.  **Add type hints:** Annotate the `n` parameter in the `count_down` function with its expected type (e.g., `int`).\n5.  **Add a final newline:** Ensure the file ends with a blank line.\n6.  **Consider input validation (optional but recommended):** For robustness, you might want to add a check at the beginning of `count_down` to ensure `n` is a positive integer, raising a `ValueError` if it's not.\n        \n\nPREVIOUS ERROR CONTEXT (Fix these issues specifically):\n============================= test session starts =============================\nplatform win32 -- Python 3.11.9, pytest-7.4.4, pluggy-1.6.0 -- C:\\Users\\Mouhamed Reda Hamzi\\OneDrive\\Documents\\projects\\tps\\tp_igl\\Refactoring-Swarm-Equipe-01\\refactoring-swarm-template\\venv\\Scripts\\python.exe\ncachedir: .pytest_cache\nrootdir: C:\\Users\\Mouhamed Reda Hamzi\\OneDrive\\Documents\\projects\\tps\\tp_igl\\Refactoring-Swarm-Equipe-01\\refactoring-swarm-template\nplugins: anyio-4.12.1\ncollecting ... collected 11 items\n\nsandbox/hidden_dataset/test_logic_bug.py::test_count_down_positive_integer PASSED [  9%]\nsandbox/hidden_dataset/test_logic_bug.py::test_count_down_one PASSED     [ 18%]\nsandbox/hidden_dataset/test_logic_bug.py::test_count_down_larger_positive_integer PASSED [ 27%]\nsandbox/hidden_dataset/test_logic_bug.py::test_count_down_zero_raises_value_error PASSED [ 36%]\nsandbox/hidden_dataset/test_logic_bug.py::test_count_down_negative_integer_raises_value_error PASSED [ 45%]\nsandbox/hidden_dataset/test_logic_bug.py::test_count_down_float_raises_value_error PASSED [ 54%]\nsandbox/hidden_dataset/test_logic_bug.py::test_count_down_string_raises_value_error PASSED [ 63%]\nsandbox/hidden_dataset/test_logic_bug.py::test_count_down_none_raises_value_error PASSED [ 72%]\nsandbox/hidden_dataset/test_logic_bug.py::test_count_down_boolean_true_raises_value_error PASSED [ 81%]\nsandbox/hidden_dataset/test_logic_bug.py::test_count_down_boolean_true_behaves_as_one FAILED [ 90%]\nsandbox/hidden_dataset/test_logic_bug.py::test_count_down_boolean_false_raises_value_error PASSED [100%]\n\n================================== FAILURES ===================================\n_________________ test_count_down_boolean_true_behaves_as_one _________________\nsandbox\\hidden_dataset\\test_logic_bug.py:98: in test_count_down_boolean_true_behaves_as_one\n    count_down(True)\nsandbox\\hidden_dataset\\logic_bug.py:19: in count_down\n    raise ValueError(\"Input 'n' must be a positive integer.\")\nE   ValueError: Input 'n' must be a positive integer.\n=========================== short test summary info ===========================\nFAILED sandbox/hidden_dataset/test_logic_bug.py::test_count_down_boolean_true_behaves_as_one\n======================== 1 failed, 10 passed in 0.14s =========================\n\n",
            "output_response": "\"\"\"This module provides a simple countdown function.\"\"\"\n\n\ndef count_down(n: int) -> None:\n    \"\"\"\n    Counts down from a given positive integer to 1, printing each number.\n\n    Args:\n        n: The starting positive integer for the countdown.\n\n    Raises:\n        ValueError: If n is not a positive integer (e.g., zero, negative, float, string, or boolean False).\n                    Note: Python's True is treated as 1 and is accepted.\n    \"\"\"\n    # Input validation: Ensure n is an integer and positive.\n    # Booleans (True/False) are subclasses of int in Python.\n    # True (which evaluates to 1) is allowed to proceed as a positive integer.\n    # False (which evaluates to 0) is rejected by the n <= 0 check.\n    if not isinstance(n, int) or n <= 0:\n        raise ValueError(\"Input 'n' must be a positive integer.\")\n\n    while n > 0:\n        print(n)\n        n -= 1",
            "plan_followed": "Here is a refactoring plan for the `logic_bug.py` file:\n\n1.  **Fix the logical bug:** Change `n += 1` to `n -= 1` inside the `count_down` function to correctly decrement the counter.\n2.  **Add a module docstring:** Add a concise docstring at the top of the file explaining its purpose.\n3.  **Add a function docstring:** Add a docstring to the `count_down` function, describing what it does, its parameters, and any return values.\n4.  **Add type hints:** Annotate the `n` parameter in the `count_down` function with its expected type (e.g., `int`).\n5.  **Add a final newline:** Ensure the file ends with a blank line.\n6.  **Consider input validation (optional but recommended):** For robustness, you might want to add a check at the beginning of `count_down` to ensure `n` is a positive integer, raising a `ValueError` if it's not."
        },
        "status": "SUCCESS"
    },
    {
        "id": "8710418c-a294-4fa5-80f6-2bb07830ec8a",
        "timestamp": "2026-02-28T23:40:12.410278",
        "agent": "Judge_Agent",
        "model": "pytest-7.4.4",
        "action": "DEBUG",
        "iteration": 3,
        "details": {
            "directory_tested": "./sandbox/hidden_dataset",
            "input_prompt": "Run pytest on ./sandbox/hidden_dataset",
            "output_response": "============================= test session starts =============================\nplatform win32 -- Python 3.11.9, pytest-7.4.4, pluggy-1.6.0 -- C:\\Users\\Mouhamed Reda Hamzi\\OneDrive\\Documents\\projects\\tps\\tp_igl\\Refactoring-Swarm-Equipe-01\\refactoring-swarm-template\\venv\\Scripts\\python.exe\ncachedir: .pytest_cache\nrootdir: C:\\Users\\Mouhamed Reda Hamzi\\OneDrive\\Documents\\projects\\tps\\tp_igl\\Refactoring-Swarm-Equipe-01\\refactoring-swarm-template\nplugins: anyio-4.12.1\ncollecting ... collected 11 items\n\nsandbox/hidden_dataset/test_logic_bug.py::test_count_down_positive_integer PASSED [  9%]\nsandbox/hidden_dataset/test_logic_bug.py::test_count_down_one PASSED     [ 18%]\nsandbox/hidden_dataset/test_logic_bug.py::test_count_down_larger_positive_integer PASSED [ 27%]\nsandbox/hidden_dataset/test_logic_bug.py::test_count_down_zero_raises_value_error PASSED [ 36%]\nsandbox/hidden_dataset/test_logic_bug.py::test_count_down_negative_integer_raises_value_error PASSED [ 45%]\nsandbox/hidden_dataset/test_logic_bug.py::test_count_down_float_raises_value_error PASSED [ 54%]\nsandbox/hidden_dataset/test_logic_bug.py::test_count_down_string_raises_value_error PASSED [ 63%]\nsandbox/hidden_dataset/test_logic_bug.py::test_count_down_none_raises_value_error PASSED [ 72%]\nsandbox/hidden_dataset/test_logic_bug.py::test_count_down_boolean_true_raises_value_error FAILED [ 81%]\nsandbox/hidden_dataset/test_logic_bug.py::test_count_down_boolean_true_behaves_as_one FAILED [ 90%]\nsandbox/hidden_dataset/test_logic_bug.py::test_count_down_boolean_false_raises_value_error PASSED [100%]\n\n================================== FAILURES ===================================\n_______________ test_count_down_boolean_true_raises_value_error _______________\nsandbox\\hidden_dataset\\test_logic_bug.py:88: in test_count_down_boolean_true_raises_value_error\n    with pytest.raises(ValueError) as excinfo: # This test will fail if the function allows True\nE   Failed: DID NOT RAISE <class 'ValueError'>\n---------------------------- Captured stdout call -----------------------------\nTrue\n_________________ test_count_down_boolean_true_behaves_as_one _________________\nsandbox\\hidden_dataset\\test_logic_bug.py:101: in test_count_down_boolean_true_behaves_as_one\n    assert captured.out == expected_output\nE   AssertionError: assert 'True\\n' == '1\\n'\nE     - 1\nE     + True\n=========================== short test summary info ===========================\nFAILED sandbox/hidden_dataset/test_logic_bug.py::test_count_down_boolean_true_raises_value_error\nFAILED sandbox/hidden_dataset/test_logic_bug.py::test_count_down_boolean_true_behaves_as_one\n========================= 2 failed, 9 passed in 0.10s =========================\n\n",
            "success": false,
            "error_type": "CODE_ERROR"
        },
        "status": "FAILURE"
    },
    {
        "id": "ef65ac6c-4c79-4103-9b34-5c23dbf7a1c5",
        "timestamp": "2026-02-28T23:40:33.550588",
        "agent": "Fixer_Agent",
        "model": "gemini-2.5-flash",
        "action": "FIX",
        "iteration": 4,
        "details": {
            "file_fixed": "logic_bug.py",
            "input_prompt": "You are a Python Expert Developer (The Fixer).\n        Your task is to rewrite the provided Python code to address a refactoring plan and fix bugs.\n        \n        Rules:\n        1. Return ONLY the complete, valid Python code.\n        2. Do NOT include markdown backticks (e.g. ```python) at the start or end.\n        3. Ensure the code is complete and runnable.\n        4. Strictly follow the plan provided.\n        5. For test files: include ALL necessary imports at the top (e.g., `import math`, `import pytest`).\n        6. Do NOT use the `mocker` fixture; use `unittest.mock.patch` or `unittest.mock.MagicMock` instead.\n        7. Only use standard pytest features - no external plugins like pytest-mock.\n        \n\n        ORIGINAL CODE:\n        ```python\n        \"\"\"This module provides a simple countdown function.\"\"\"\n\n\ndef count_down(n: int) -> None:\n    \"\"\"\n    Counts down from a given positive integer to 1, printing each number.\n\n    Args:\n        n: The starting positive integer for the countdown.\n\n    Raises:\n        ValueError: If n is not a positive integer (e.g., zero, negative, float, string, or boolean False).\n                    Note: Python's True is treated as 1 and is accepted.\n    \"\"\"\n    # Input validation: Ensure n is an integer and positive.\n    # Booleans (True/False) are subclasses of int in Python.\n    # True (which evaluates to 1) is allowed to proceed as a positive integer.\n    # False (which evaluates to 0) is rejected by the n <= 0 check.\n    if not isinstance(n, int) or n <= 0:\n        raise ValueError(\"Input 'n' must be a positive integer.\")\n\n    while n > 0:\n        print(n)\n        n -= 1\n        ```\n        \n        REFACTORING PLAN:\n        Here is a refactoring plan for the `logic_bug.py` file:\n\n1.  **Fix the logical bug:** Change `n += 1` to `n -= 1` inside the `count_down` function to correctly decrement the counter.\n2.  **Add a module docstring:** Add a concise docstring at the top of the file explaining its purpose.\n3.  **Add a function docstring:** Add a docstring to the `count_down` function, describing what it does, its parameters, and any return values.\n4.  **Add type hints:** Annotate the `n` parameter in the `count_down` function with its expected type (e.g., `int`).\n5.  **Add a final newline:** Ensure the file ends with a blank line.\n6.  **Consider input validation (optional but recommended):** For robustness, you might want to add a check at the beginning of `count_down` to ensure `n` is a positive integer, raising a `ValueError` if it's not.\n        \n\nPREVIOUS ERROR CONTEXT (Fix these issues specifically):\n============================= test session starts =============================\nplatform win32 -- Python 3.11.9, pytest-7.4.4, pluggy-1.6.0 -- C:\\Users\\Mouhamed Reda Hamzi\\OneDrive\\Documents\\projects\\tps\\tp_igl\\Refactoring-Swarm-Equipe-01\\refactoring-swarm-template\\venv\\Scripts\\python.exe\ncachedir: .pytest_cache\nrootdir: C:\\Users\\Mouhamed Reda Hamzi\\OneDrive\\Documents\\projects\\tps\\tp_igl\\Refactoring-Swarm-Equipe-01\\refactoring-swarm-template\nplugins: anyio-4.12.1\ncollecting ... collected 11 items\n\nsandbox/hidden_dataset/test_logic_bug.py::test_count_down_positive_integer PASSED [  9%]\nsandbox/hidden_dataset/test_logic_bug.py::test_count_down_one PASSED     [ 18%]\nsandbox/hidden_dataset/test_logic_bug.py::test_count_down_larger_positive_integer PASSED [ 27%]\nsandbox/hidden_dataset/test_logic_bug.py::test_count_down_zero_raises_value_error PASSED [ 36%]\nsandbox/hidden_dataset/test_logic_bug.py::test_count_down_negative_integer_raises_value_error PASSED [ 45%]\nsandbox/hidden_dataset/test_logic_bug.py::test_count_down_float_raises_value_error PASSED [ 54%]\nsandbox/hidden_dataset/test_logic_bug.py::test_count_down_string_raises_value_error PASSED [ 63%]\nsandbox/hidden_dataset/test_logic_bug.py::test_count_down_none_raises_value_error PASSED [ 72%]\nsandbox/hidden_dataset/test_logic_bug.py::test_count_down_boolean_true_raises_value_error FAILED [ 81%]\nsandbox/hidden_dataset/test_logic_bug.py::test_count_down_boolean_true_behaves_as_one FAILED [ 90%]\nsandbox/hidden_dataset/test_logic_bug.py::test_count_down_boolean_false_raises_value_error PASSED [100%]\n\n================================== FAILURES ===================================\n_______________ test_count_down_boolean_true_raises_value_error _______________\nsandbox\\hidden_dataset\\test_logic_bug.py:88: in test_count_down_boolean_true_raises_value_error\n    with pytest.raises(ValueError) as excinfo: # This test will fail if the function allows True\nE   Failed: DID NOT RAISE <class 'ValueError'>\n---------------------------- Captured stdout call -----------------------------\nTrue\n_________________ test_count_down_boolean_true_behaves_as_one _________________\nsandbox\\hidden_dataset\\test_logic_bug.py:101: in test_count_down_boolean_true_behaves_as_one\n    assert captured.out == expected_output\nE   AssertionError: assert 'True\\n' == '1\\n'\nE     - 1\nE     + True\n=========================== short test summary info ===========================\nFAILED sandbox/hidden_dataset/test_logic_bug.py::test_count_down_boolean_true_raises_value_error\nFAILED sandbox/hidden_dataset/test_logic_bug.py::test_count_down_boolean_true_behaves_as_one\n========================= 2 failed, 9 passed in 0.10s =========================\n\n",
            "output_response": "\"\"\"This module provides a simple countdown function.\"\"\"\n\n\ndef count_down(n: int) -> None:\n    \"\"\"\n    Counts down from a given positive integer to 1, printing each number.\n\n    Args:\n        n: The starting positive integer for the countdown.\n\n    Raises:\n        ValueError: If n is not a positive integer (e.g., zero, negative, float, string, or any boolean value).\n    \"\"\"\n    # Input validation: Ensure n is an integer and positive, and not a boolean.\n    # Booleans (True/False) are subclasses of int in Python, but they are explicitly rejected\n    # to ensure only pure integer types are processed.\n    if not isinstance(n, int) or isinstance(n, bool) or n <= 0:\n        raise ValueError(\"Input 'n' must be a positive integer.\")\n\n    while n > 0:\n        print(n)\n        n -= 1",
            "plan_followed": "Here is a refactoring plan for the `logic_bug.py` file:\n\n1.  **Fix the logical bug:** Change `n += 1` to `n -= 1` inside the `count_down` function to correctly decrement the counter.\n2.  **Add a module docstring:** Add a concise docstring at the top of the file explaining its purpose.\n3.  **Add a function docstring:** Add a docstring to the `count_down` function, describing what it does, its parameters, and any return values.\n4.  **Add type hints:** Annotate the `n` parameter in the `count_down` function with its expected type (e.g., `int`).\n5.  **Add a final newline:** Ensure the file ends with a blank line.\n6.  **Consider input validation (optional but recommended):** For robustness, you might want to add a check at the beginning of `count_down` to ensure `n` is a positive integer, raising a `ValueError` if it's not."
        },
        "status": "SUCCESS"
    },
    {
        "id": "e7727d8f-4639-4bf1-9c76-df27577b9019",
        "timestamp": "2026-02-28T23:40:34.143413",
        "agent": "Judge_Agent",
        "model": "pytest-7.4.4",
        "action": "DEBUG",
        "iteration": 4,
        "details": {
            "directory_tested": "./sandbox/hidden_dataset",
            "input_prompt": "Run pytest on ./sandbox/hidden_dataset",
            "output_response": "============================= test session starts =============================\nplatform win32 -- Python 3.11.9, pytest-7.4.4, pluggy-1.6.0 -- C:\\Users\\Mouhamed Reda Hamzi\\OneDrive\\Documents\\projects\\tps\\tp_igl\\Refactoring-Swarm-Equipe-01\\refactoring-swarm-template\\venv\\Scripts\\python.exe\ncachedir: .pytest_cache\nrootdir: C:\\Users\\Mouhamed Reda Hamzi\\OneDrive\\Documents\\projects\\tps\\tp_igl\\Refactoring-Swarm-Equipe-01\\refactoring-swarm-template\nplugins: anyio-4.12.1\ncollecting ... collected 11 items\n\nsandbox/hidden_dataset/test_logic_bug.py::test_count_down_positive_integer PASSED [  9%]\nsandbox/hidden_dataset/test_logic_bug.py::test_count_down_one PASSED     [ 18%]\nsandbox/hidden_dataset/test_logic_bug.py::test_count_down_larger_positive_integer PASSED [ 27%]\nsandbox/hidden_dataset/test_logic_bug.py::test_count_down_zero_raises_value_error PASSED [ 36%]\nsandbox/hidden_dataset/test_logic_bug.py::test_count_down_negative_integer_raises_value_error PASSED [ 45%]\nsandbox/hidden_dataset/test_logic_bug.py::test_count_down_float_raises_value_error PASSED [ 54%]\nsandbox/hidden_dataset/test_logic_bug.py::test_count_down_string_raises_value_error PASSED [ 63%]\nsandbox/hidden_dataset/test_logic_bug.py::test_count_down_none_raises_value_error PASSED [ 72%]\nsandbox/hidden_dataset/test_logic_bug.py::test_count_down_boolean_true_raises_value_error PASSED [ 81%]\nsandbox/hidden_dataset/test_logic_bug.py::test_count_down_boolean_true_behaves_as_one FAILED [ 90%]\nsandbox/hidden_dataset/test_logic_bug.py::test_count_down_boolean_false_raises_value_error PASSED [100%]\n\n================================== FAILURES ===================================\n_________________ test_count_down_boolean_true_behaves_as_one _________________\nsandbox\\hidden_dataset\\test_logic_bug.py:98: in test_count_down_boolean_true_behaves_as_one\n    count_down(True)\nsandbox\\hidden_dataset\\logic_bug.py:18: in count_down\n    raise ValueError(\"Input 'n' must be a positive integer.\")\nE   ValueError: Input 'n' must be a positive integer.\n=========================== short test summary info ===========================\nFAILED sandbox/hidden_dataset/test_logic_bug.py::test_count_down_boolean_true_behaves_as_one\n======================== 1 failed, 10 passed in 0.09s =========================\n\n",
            "success": false,
            "error_type": "CODE_ERROR"
        },
        "status": "FAILURE"
    }
]